0 info it worked if it ends with ok
1 verbose cli [ '/usr/local/bin/node',
1 verbose cli   '/usr/local/bin/npm',
1 verbose cli   'install',
1 verbose cli   'yarn',
1 verbose cli   '-g' ]
2 info using npm@3.10.10
3 info using node@v6.10.3
4 silly loadCurrentTree Starting
5 silly install loadCurrentTree
6 silly install readGlobalPackageData
7 silly fetchPackageMetaData yarn
8 silly fetchNamedPackageData yarn
9 silly mapToRegistry name yarn
10 silly mapToRegistry using default registry
11 silly mapToRegistry registry https://registry.npmjs.org/
12 silly mapToRegistry data Result {
12 silly mapToRegistry   raw: 'yarn',
12 silly mapToRegistry   scope: null,
12 silly mapToRegistry   escapedName: 'yarn',
12 silly mapToRegistry   name: 'yarn',
12 silly mapToRegistry   rawSpec: '',
12 silly mapToRegistry   spec: 'latest',
12 silly mapToRegistry   type: 'tag' }
13 silly mapToRegistry uri https://registry.npmjs.org/yarn
14 verbose request uri https://registry.npmjs.org/yarn
15 verbose request no auth needed
16 info attempt registry request try #1 at 3:05:53 PM
17 verbose request id b220f707b719d210
18 http request GET https://registry.npmjs.org/yarn
19 http 200 https://registry.npmjs.org/yarn
20 verbose headers { 'content-type': 'application/json; charset=UTF-8',
20 verbose headers   server: 'UploadServer',
20 verbose headers   'cache-control': 'max-age=300',
20 verbose headers   'last-modified': 'Tue, 30 Jan 2018 23:32:39 GMT',
20 verbose headers   etag: '"5a710097-33f60"',
20 verbose headers   'content-encoding': 'gzip',
20 verbose headers   'content-length': '12561',
20 verbose headers   'accept-ranges': 'bytes',
20 verbose headers   date: 'Thu, 01 Feb 2018 06:05:53 GMT',
20 verbose headers   via: '1.1 varnish',
20 verbose headers   age: '11349',
20 verbose headers   connection: 'keep-alive',
20 verbose headers   'x-served-by': 'cache-hnd18730-HND',
20 verbose headers   'x-cache': 'HIT',
20 verbose headers   'x-cache-hits': '10',
20 verbose headers   'x-timer': 'S1517465154.782051,VS0,VE0',
20 verbose headers   vary: 'Accept-Encoding, Accept' }
21 silly get cb [ 200,
21 silly get   { 'content-type': 'application/json; charset=UTF-8',
21 silly get     server: 'UploadServer',
21 silly get     'cache-control': 'max-age=300',
21 silly get     'last-modified': 'Tue, 30 Jan 2018 23:32:39 GMT',
21 silly get     etag: '"5a710097-33f60"',
21 silly get     'content-encoding': 'gzip',
21 silly get     'content-length': '12561',
21 silly get     'accept-ranges': 'bytes',
21 silly get     date: 'Thu, 01 Feb 2018 06:05:53 GMT',
21 silly get     via: '1.1 varnish',
21 silly get     age: '11349',
21 silly get     connection: 'keep-alive',
21 silly get     'x-served-by': 'cache-hnd18730-HND',
21 silly get     'x-cache': 'HIT',
21 silly get     'x-cache-hits': '10',
21 silly get     'x-timer': 'S1517465154.782051,VS0,VE0',
21 silly get     vary: 'Accept-Encoding, Accept' } ]
22 verbose get saving yarn to /Users/meikishu/.npm/registry.npmjs.org/yarn/.cache.json
23 verbose correctMkdir /Users/meikishu/.npm correctMkdir not in flight; initializing
24 silly install normalizeTree
25 silly loadCurrentTree Finishing
26 silly loadIdealTree Starting
27 silly install loadIdealTree
28 silly cloneCurrentTree Starting
29 silly install cloneCurrentTreeToIdealTree
30 silly cloneCurrentTree Finishing
31 silly loadShrinkwrap Starting
32 silly install loadShrinkwrap
33 silly loadShrinkwrap Finishing
34 silly loadAllDepsIntoIdealTree Starting
35 silly install loadAllDepsIntoIdealTree
36 silly resolveWithNewModule yarn@1.3.2 checking installable status
37 silly cache add args [ 'yarn', null ]
38 verbose cache add spec yarn
39 silly cache add parsed spec Result {
39 silly cache add   raw: 'yarn',
39 silly cache add   scope: null,
39 silly cache add   escapedName: 'yarn',
39 silly cache add   name: 'yarn',
39 silly cache add   rawSpec: '',
39 silly cache add   spec: 'latest',
39 silly cache add   type: 'tag' }
40 silly addNamed yarn@latest
41 verbose addNamed "latest" is being treated as a dist-tag for yarn
42 info addNameTag [ 'yarn', 'latest' ]
43 silly mapToRegistry name yarn
44 silly mapToRegistry using default registry
45 silly mapToRegistry registry https://registry.npmjs.org/
46 silly mapToRegistry data Result {
46 silly mapToRegistry   raw: 'yarn',
46 silly mapToRegistry   scope: null,
46 silly mapToRegistry   escapedName: 'yarn',
46 silly mapToRegistry   name: 'yarn',
46 silly mapToRegistry   rawSpec: '',
46 silly mapToRegistry   spec: 'latest',
46 silly mapToRegistry   type: 'tag' }
47 silly mapToRegistry uri https://registry.npmjs.org/yarn
48 verbose addNameTag registry:https://registry.npmjs.org/yarn not in flight; fetching
49 verbose get https://registry.npmjs.org/yarn not expired, no request
50 silly addNameTag next cb for yarn with tag latest
51 silly addNamed yarn@1.3.2
52 verbose addNamed "1.3.2" is a plain semver version for yarn
53 warn deprecated yarn@1.3.2: It is recommended to install Yarn using the native installation method for your environment. See https://yarnpkg.com/en/docs/install
54 silly mapToRegistry name yarn
55 silly mapToRegistry using default registry
56 silly mapToRegistry registry https://registry.npmjs.org/
57 silly mapToRegistry data Result {
57 silly mapToRegistry   raw: 'yarn',
57 silly mapToRegistry   scope: null,
57 silly mapToRegistry   escapedName: 'yarn',
57 silly mapToRegistry   name: 'yarn',
57 silly mapToRegistry   rawSpec: '',
57 silly mapToRegistry   spec: 'latest',
57 silly mapToRegistry   type: 'tag' }
58 silly mapToRegistry uri https://registry.npmjs.org/yarn
59 verbose addRemoteTarball https://registry.npmjs.org/yarn/-/yarn-1.3.2.tgz not in flight; adding
60 verbose addRemoteTarball [ 'https://registry.npmjs.org/yarn/-/yarn-1.3.2.tgz',
60 verbose addRemoteTarball   '5939762581b5b4ddcd3418c0f6be42df3aee195f' ]
61 info retry fetch attempt 1 at 3:05:53 PM
62 info attempt registry request try #1 at 3:05:53 PM
63 http fetch GET https://registry.npmjs.org/yarn/-/yarn-1.3.2.tgz
64 http fetch 200 https://registry.npmjs.org/yarn/-/yarn-1.3.2.tgz
65 silly fetchAndShaCheck shasum 5939762581b5b4ddcd3418c0f6be42df3aee195f
66 verbose addTmpTarball /var/folders/tn/4pbdw_ps003b4j6y2wq2hq_m0000gn/T/npm-67736-16e4d878/registry.npmjs.org/yarn/-/yarn-1.3.2.tgz not in flight; adding
67 verbose addTmpTarball already have metadata; skipping unpack for yarn@1.3.2
68 verbose correctMkdir /Users/meikishu/.npm correctMkdir not in flight; initializing
69 silly cache afterAdd yarn@1.3.2
70 verbose afterAdd /Users/meikishu/.npm/yarn/1.3.2/package/package.json not in flight; writing
71 verbose correctMkdir /Users/meikishu/.npm correctMkdir not in flight; initializing
72 verbose afterAdd /Users/meikishu/.npm/yarn/1.3.2/package/package.json written
73 silly loadAllDepsIntoIdealTree Finishing
74 silly loadIdealTree Finishing
75 silly currentTree lib
76 silly idealTree lib
76 silly idealTree └── yarn@1.3.2
77 silly generateActionsToTake Starting
78 silly install generateActionsToTake
79 warn checkPermissions Missing write access to /usr/local/lib/node_modules
80 silly rollbackFailedOptional Starting
81 silly rollbackFailedOptional Finishing
82 silly runTopLevelLifecycles Finishing
83 silly install printInstalled
84 verbose stack Error: EACCES: permission denied, access '/usr/local/lib/node_modules'
84 verbose stack     at Error (native)
85 verbose cwd /Users/meikishu/test-cms
86 error Darwin 17.3.0
87 error argv "/usr/local/bin/node" "/usr/local/bin/npm" "install" "yarn" "-g"
88 error node v6.10.3
89 error npm  v3.10.10
90 error path /usr/local/lib/node_modules
91 error code EACCES
92 error errno -13
93 error syscall access
94 error Error: EACCES: permission denied, access '/usr/local/lib/node_modules'
94 error     at Error (native)
94 error  { Error: EACCES: permission denied, access '/usr/local/lib/node_modules'
94 error     at Error (native)
94 error   errno: -13,
94 error   code: 'EACCES',
94 error   syscall: 'access',
94 error   path: '/usr/local/lib/node_modules' }
95 error Please try running this command again as root/Administrator.
96 verbose exit [ -13, true ]
